<?xml version="1.0"?>
<testsuites>
  <testsuite name="Chrome 30.0.1599 (Windows 7)" package="undefined" timestamp="2013-11-10T14:20:05" id="0" hostname="amischol-PC" tests="1" errors="0" failures="0" time="0.026">
    <properties>
      <property name="browser.fullName" value="Mozilla/5.0 (Windows NT 6.1; WOW64) AppleWebKit/537.36 (KHTML, like Gecko) Chrome/30.0.1599.101 Safari/537.36"/>
    </properties>
    <testcase name="should  should check that jQuery.fn.append is being executed" time="0.026" classname="Chrome 30.0.1599 (Windows 7).Spy usage"/>
    <system-out><![CDATA[
]]></system-out>
    <system-err/>
  </testsuite>
</testsuites>
